ProjektGazownia01/ProjektGazownia01/app/build/intermediates/manifest_merge_blame_file/release/manifest-merger-blame-release-report.txt
1<?xml version="1.0" encoding="utf-8"?>
2<manifest xmlns:android="http://schemas.android.com/apk/res/android"
3    package="com.example.gazownia"
4    android:versionCode="1"
5    android:versionName="1.0" >
6
7    <uses-sdk
8        android:minSdkVersion="21"
8-->src\main\AndroidManifest.xml
9        android:targetSdkVersion="32" />
9-->src\main\AndroidManifest.xml
10
11    <uses-permission android:name="android.permission.INTERNET" />
11-->src\main\AndroidManifest.xml:5:5-66
11-->src\main\AndroidManifest.xml:5:22-64
12
13    <application
13-->src\main\AndroidManifest.xml:7:5-51:19
14        android:allowBackup="true"
14-->src\main\AndroidManifest.xml:9:9-35
15        android:appComponentFactory="androidx.core.app.CoreComponentFactory"
15-->[androidx.core:core:1.8.0] AndroidManifest.xml:24:18-86
16        android:dataExtractionRules="@xml/data_extraction_rules"
16-->src\main\AndroidManifest.xml:10:9-65
17        android:fullBackupContent="@xml/backup_rules"
17-->src\main\AndroidManifest.xml:11:9-54
18        android:icon="@mipmap/ic_launcher"
18-->src\main\AndroidManifest.xml:12:9-43
19        android:label="@string/app_name"
19-->src\main\AndroidManifest.xml:13:9-41
20        android:roundIcon="@mipmap/ic_launcher_round"
20-->src\main\AndroidManifest.xml:14:9-54
21        android:supportsRtl="true"
21-->src\main\AndroidManifest.xml:15:9-35
22        android:theme="@style/Theme.Gazownia"
22-->src\main\AndroidManifest.xml:16:9-46
23        android:usesCleartextTraffic="true" >
23-->src\main\AndroidManifest.xml:8:9-44
24        <activity
24-->src\main\AndroidManifest.xml:18:9-26:20
25            android:name="com.example.gazownia.Registration"
25-->src\main\AndroidManifest.xml:19:13-41
26            android:configChanges="orientation"
26-->src\main\AndroidManifest.xml:21:13-48
27            android:exported="false"
27-->src\main\AndroidManifest.xml:20:13-37
28            android:screenOrientation="portrait" >
28-->src\main\AndroidManifest.xml:22:13-49
29            <meta-data
29-->src\main\AndroidManifest.xml:23:13-25:36
30                android:name="android.app.lib_name"
30-->src\main\AndroidManifest.xml:24:17-52
31                android:value="" />
31-->src\main\AndroidManifest.xml:25:17-33
32        </activity>
33        <activity
33-->src\main\AndroidManifest.xml:27:9-41:20
34            android:name="com.example.gazownia.LoginPage"
34-->src\main\AndroidManifest.xml:28:13-38
35            android:configChanges="orientation"
35-->src\main\AndroidManifest.xml:30:13-48
36            android:exported="true"
36-->src\main\AndroidManifest.xml:29:13-36
37            android:screenOrientation="portrait" >
37-->src\main\AndroidManifest.xml:31:13-49
38            <intent-filter>
38-->src\main\AndroidManifest.xml:32:13-36:29
39                <action android:name="android.intent.action.MAIN" />
39-->src\main\AndroidManifest.xml:33:17-69
39-->src\main\AndroidManifest.xml:33:25-66
40
41                <category android:name="android.intent.category.LAUNCHER" />
41-->src\main\AndroidManifest.xml:35:17-77
41-->src\main\AndroidManifest.xml:35:27-74
42            </intent-filter>
43
44            <meta-data
44-->src\main\AndroidManifest.xml:23:13-25:36
45                android:name="android.app.lib_name"
45-->src\main\AndroidManifest.xml:24:17-52
46                android:value="" />
46-->src\main\AndroidManifest.xml:25:17-33
47        </activity>
48        <activity
48-->src\main\AndroidManifest.xml:42:9-50:20
49            android:name="com.example.gazownia.MainActivity"
49-->src\main\AndroidManifest.xml:43:13-41
50            android:configChanges="orientation"
50-->src\main\AndroidManifest.xml:45:13-48
51            android:exported="false"
51-->src\main\AndroidManifest.xml:44:13-37
52            android:screenOrientation="portrait" >
52-->src\main\AndroidManifest.xml:46:13-49
53            <meta-data
53-->src\main\AndroidManifest.xml:23:13-25:36
54                android:name="android.app.lib_name"
54-->src\main\AndroidManifest.xml:24:17-52
55                android:value="" />
55-->src\main\AndroidManifest.xml:25:17-33
56        </activity>
57
58        <provider
58-->[androidx.emoji2:emoji2:1.2.0] AndroidManifest.xml:24:9-32:20
59            android:name="androidx.startup.InitializationProvider"
59-->[androidx.emoji2:emoji2:1.2.0] AndroidManifest.xml:25:13-67
60            android:authorities="com.example.gazownia.androidx-startup"
60-->[androidx.emoji2:emoji2:1.2.0] AndroidManifest.xml:26:13-68
61            android:exported="false" >
61-->[androidx.emoji2:emoji2:1.2.0] AndroidManifest.xml:27:13-37
62            <meta-data
62-->[androidx.emoji2:emoji2:1.2.0] AndroidManifest.xml:29:13-31:52
63                android:name="androidx.emoji2.text.EmojiCompatInitializer"
63-->[androidx.emoji2:emoji2:1.2.0] AndroidManifest.xml:30:17-75
64                android:value="androidx.startup" />
64-->[androidx.emoji2:emoji2:1.2.0] AndroidManifest.xml:31:17-49
65            <meta-data
65-->[androidx.lifecycle:lifecycle-process:2.4.1] AndroidManifest.xml:31:13-33:52
66                android:name="androidx.lifecycle.ProcessLifecycleInitializer"
66-->[androidx.lifecycle:lifecycle-process:2.4.1] AndroidManifest.xml:32:17-78
67                android:value="androidx.startup" />
67-->[androidx.lifecycle:lifecycle-process:2.4.1] AndroidManifest.xml:33:17-49
68        </provider>
69    </application>
70
71</manifest>